
11월 09, 2020 16:31:42.27 NEW SESSION
11월 09, 2020 16:31:42.27 [1109/163142.265:ERROR:directory_reader_win.cc(43)] FindFirstFile: 지정된 경로를 찾을 수 없습니다. (0x3)
11월 09, 2020 17:57:35.18 [1109/175735.182:ERROR:directory_reader_win.cc(43)] FindFirstFile: 지정된 경로를 찾을 수 없습니다. (0x3)
11월 09, 2020 22:29:25.70 [1109/222925.705:ERROR:directory_reader_win.cc(43)] FindFirstFile: 지정된 경로를 찾을 수 없습니다. (0x3)
11월 09, 2020 23:27:21.14 [1109/232721.140:ERROR:directory_reader_win.cc(43)] FindFirstFile: 지정된 경로를 찾을 수 없습니다. (0x3)
11월 10, 2020 24:05:33.94 [1110/000533.944:ERROR:directory_reader_win.cc(43)] FindFirstFile: 지정된 경로를 찾을 수 없습니다. (0x3)
11월 10, 2020 01:00:15.59 [1110/010015.593:ERROR:directory_reader_win.cc(43)] FindFirstFile: 지정된 경로를 찾을 수 없습니다. (0x3)
11월 10, 2020 01:11:24.79 [1110/011124.797:ERROR:directory_reader_win.cc(43)] FindFirstFile: 지정된 경로를 찾을 수 없습니다. (0x3)

11월 12, 2020 24:09:53.65 NEW SESSION
11월 12, 2020 24:09:53.65 [1112/000953.643:ERROR:directory_reader_win.cc(43)] FindFirstFile: 지정된 경로를 찾을 수 없습니다. (0x3)
11월 12, 2020 01:24:13.48 [1112/012413.485:ERROR:directory_reader_win.cc(43)] FindFirstFile: 지정된 경로를 찾을 수 없습니다. (0x3)
11월 12, 2020 01:50:15.66 [1112/015015.665:ERROR:directory_reader_win.cc(43)] FindFirstFile: 지정된 경로를 찾을 수 없습니다. (0x3)

11월 12, 2020 10:22:23.21 NEW SESSION
11월 12, 2020 10:22:23.21 [1112/102223.177:ERROR:directory_reader_win.cc(43)] FindFirstFile: 지정된 경로를 찾을 수 없습니다. (0x3)
11월 12, 2020 10:58:30.81 [1112/105830.813:ERROR:directory_reader_win.cc(43)] FindFirstFile: 지정된 경로를 찾을 수 없습니다. (0x3)
11월 12, 2020 12:05:25.78 [1112/120525.787:ERROR:directory_reader_win.cc(43)] FindFirstFile: 지정된 경로를 찾을 수 없습니다. (0x3)

11월 15, 2020 18:29:18.31 NEW SESSION
11월 15, 2020 18:29:18.31 [1115/182918.307:ERROR:directory_reader_win.cc(43)] FindFirstFile: 지정된 경로를 찾을 수 없습니다. (0x3)
11월 15, 2020 19:27:29.86 [1115/192729.868:ERROR:directory_reader_win.cc(43)] FindFirstFile: 지정된 경로를 찾을 수 없습니다. (0x3)
11월 15, 2020 20:08:33.32 [1115/200833.327:ERROR:directory_reader_win.cc(43)] FindFirstFile: 지정된 경로를 찾을 수 없습니다. (0x3)

11월 16, 2020 16:49:18.00 NEW SESSION
11월 16, 2020 16:49:18.00 [1116/164918.009:ERROR:directory_reader_win.cc(43)] FindFirstFile: 지정된 경로를 찾을 수 없습니다. (0x3)
11월 16, 2020 19:30:46.85 [3744:5824:1116/193046.853:ERROR:socket_stream.cc(219)] Closing stream with result -2
11월 16, 2020 22:30:48.15 [3744:5824:1116/223048.155:ERROR:socket_stream.cc(219)] Closing stream with result -2
11월 17, 2020 01:05:14.87 [1117/010514.870:ERROR:directory_reader_win.cc(43)] FindFirstFile: 지정된 경로를 찾을 수 없습니다. (0x3)
11월 17, 2020 01:37:05.74 [1117/013705.749:ERROR:directory_reader_win.cc(43)] FindFirstFile: 지정된 경로를 찾을 수 없습니다. (0x3)
11월 17, 2020 02:30:08.51 [1117/023008.516:ERROR:directory_reader_win.cc(43)] FindFirstFile: 지정된 경로를 찾을 수 없습니다. (0x3)

11월 18, 2020 16:17:47.34 NEW SESSION
11월 18, 2020 16:17:47.34 [1118/161747.336:ERROR:directory_reader_win.cc(43)] FindFirstFile: 지정된 경로를 찾을 수 없습니다. (0x3)
11월 18, 2020 16:21:15.32 [10908:5200:1118/162115.327:ERROR:socket_stream.cc(219)] Closing stream with result -2
11월 18, 2020 18:51:28.12 [10908:5200:1118/185128.122:ERROR:socket_stream.cc(219)] Closing stream with result -2
11월 18, 2020 18:51:28.20 [10908:5200:1118/185128.205:ERROR:connection_factory_impl.cc(428)] Failed to connect to MCS endpoint with error -105
11월 18, 2020 19:35:51.88 [1118/193551.880:ERROR:directory_reader_win.cc(43)] FindFirstFile: 지정된 경로를 찾을 수 없습니다. (0x3)
11월 18, 2020 20:03:05.94 [1118/200305.940:ERROR:directory_reader_win.cc(43)] FindFirstFile: 지정된 경로를 찾을 수 없습니다. (0x3)
11월 18, 2020 20:24:21.29 [1118/202421.292:ERROR:directory_reader_win.cc(43)] FindFirstFile: 지정된 경로를 찾을 수 없습니다. (0x3)
11월 18, 2020 20:46:10.59 [1118/204610.598:ERROR:directory_reader_win.cc(43)] FindFirstFile: 지정된 경로를 찾을 수 없습니다. (0x3)
11월 18, 2020 21:24:42.18 [1118/212442.188:ERROR:directory_reader_win.cc(43)] FindFirstFile: 지정된 경로를 찾을 수 없습니다. (0x3)
11월 18, 2020 22:00:51.31 [1118/220051.318:ERROR:directory_reader_win.cc(43)] FindFirstFile: 지정된 경로를 찾을 수 없습니다. (0x3)
11월 18, 2020 23:52:17.39 [1118/235217.397:ERROR:directory_reader_win.cc(43)] FindFirstFile: 지정된 경로를 찾을 수 없습니다. (0x3)
11월 19, 2020 24:14:35.38 [1119/001435.386:ERROR:directory_reader_win.cc(43)] FindFirstFile: 지정된 경로를 찾을 수 없습니다. (0x3)
11월 19, 2020 24:33:02.66 [1119/003302.663:ERROR:directory_reader_win.cc(43)] FindFirstFile: 지정된 경로를 찾을 수 없습니다. (0x3)
11월 19, 2020 01:15:26.21 [1119/011526.213:ERROR:directory_reader_win.cc(43)] FindFirstFile: 지정된 경로를 찾을 수 없습니다. (0x3)
11월 19, 2020 02:14:52.41 [1119/021452.411:ERROR:directory_reader_win.cc(43)] FindFirstFile: 지정된 경로를 찾을 수 없습니다. (0x3)
11월 19, 2020 02:36:12.06 [1119/023612.065:ERROR:directory_reader_win.cc(43)] FindFirstFile: 지정된 경로를 찾을 수 없습니다. (0x3)
11월 19, 2020 03:00:55.02 [1119/030055.024:ERROR:directory_reader_win.cc(43)] FindFirstFile: 지정된 경로를 찾을 수 없습니다. (0x3)
11월 19, 2020 04:27:26.17 [1119/042726.169:ERROR:directory_reader_win.cc(43)] FindFirstFile: 지정된 경로를 찾을 수 없습니다. (0x3)
11월 19, 2020 04:58:41.48 [1119/045841.483:ERROR:directory_reader_win.cc(43)] FindFirstFile: 지정된 경로를 찾을 수 없습니다. (0x3)

11월 19, 2020 10:24:18.99 NEW SESSION
11월 19, 2020 10:24:18.99 [1119/102418.985:ERROR:directory_reader_win.cc(43)] FindFirstFile: 지정된 경로를 찾을 수 없습니다. (0x3)

11월 24, 2020 21:43:57.81 NEW SESSION
11월 24, 2020 21:43:57.81 [1124/214357.806:ERROR:directory_reader_win.cc(43)] FindFirstFile: 지정된 경로를 찾을 수 없습니다. (0x3)
11월 25, 2020 03:13:50.89 [1125/031350.860:ERROR:directory_reader_win.cc(43)] FindFirstFile: 지정된 경로를 찾을 수 없습니다. (0x3)
11월 25, 2020 03:33:22.20 [1125/033322.205:ERROR:directory_reader_win.cc(43)] FindFirstFile: 지정된 경로를 찾을 수 없습니다. (0x3)

11월 25, 2020 17:12:15.66 NEW SESSION
11월 25, 2020 17:12:15.66 [1125/171215.662:ERROR:directory_reader_win.cc(43)] FindFirstFile: 지정된 경로를 찾을 수 없습니다. (0x3)
11월 25, 2020 17:36:28.23 [1125/173628.239:ERROR:directory_reader_win.cc(43)] FindFirstFile: 지정된 경로를 찾을 수 없습니다. (0x3)
11월 26, 2020 02:21:42.50 [1126/022142.508:ERROR:directory_reader_win.cc(43)] FindFirstFile: 지정된 경로를 찾을 수 없습니다. (0x3)
11월 26, 2020 03:01:55.47 [1126/030155.471:ERROR:directory_reader_win.cc(43)] FindFirstFile: 지정된 경로를 찾을 수 없습니다. (0x3)
11월 26, 2020 03:41:20.88 [1126/034120.884:ERROR:directory_reader_win.cc(43)] FindFirstFile: 지정된 경로를 찾을 수 없습니다. (0x3)

11월 26, 2020 10:01:35.60 NEW SESSION
11월 26, 2020 10:01:35.60 [8748:5644:1126/100135.597:ERROR:get_updates_processor.cc(257)] PostClientToServerMessage() failed during GetUpdates with error 15
11월 26, 2020 10:07:05.53 [2968:8860:1126/100705.529:ERROR:get_updates_processor.cc(257)] PostClientToServerMessage() failed during GetUpdates with error 15
11월 26, 2020 10:17:02.21 [1126/101702.215:ERROR:directory_reader_win.cc(43)] FindFirstFile: 지정된 경로를 찾을 수 없습니다. (0x3)
11월 26, 2020 11:25:28.84 [10272:10200:1126/112528.841:ERROR:get_updates_processor.cc(257)] PostClientToServerMessage() failed during GetUpdates with error 15
11월 26, 2020 11:35:24.40 [1126/113524.404:ERROR:directory_reader_win.cc(43)] FindFirstFile: 지정된 경로를 찾을 수 없습니다. (0x3)
11월 26, 2020 11:37:13.66 [10272:11216:1126/113713.666:ERROR:connection_factory_impl.cc(428)] Failed to connect to MCS endpoint with error -106
11월 26, 2020 11:58:35.93 [10272:11216:1126/115835.938:ERROR:socket_stream.cc(219)] Closing stream with result -2
11월 26, 2020 11:58:36.03 [10272:11216:1126/115836.032:ERROR:connection_factory_impl.cc(428)] Failed to connect to MCS endpoint with error -105
11월 26, 2020 12:30:26.67 [9844:5280:1126/123026.672:ERROR:get_updates_processor.cc(257)] PostClientToServerMessage() failed during GetUpdates with error 15
11월 26, 2020 12:32:47.42 [12048:5416:1126/123247.428:ERROR:get_updates_processor.cc(257)] PostClientToServerMessage() failed during GetUpdates with error 15

12월 01, 2020 21:00:20.02 NEW SESSION
12월 01, 2020 21:00:20.02 [1201/210020.021:ERROR:directory_reader_win.cc(43)] FindFirstFile: 지정된 경로를 찾을 수 없습니다. (0x3)
12월 01, 2020 21:45:07.54 [1201/214507.544:ERROR:directory_reader_win.cc(43)] FindFirstFile: 지정된 경로를 찾을 수 없습니다. (0x3)
12월 01, 2020 23:42:25.01 [1201/234225.016:ERROR:directory_reader_win.cc(43)] FindFirstFile: 지정된 경로를 찾을 수 없습니다. (0x3)
12월 02, 2020 01:03:16.85 [1202/010316.856:ERROR:directory_reader_win.cc(43)] FindFirstFile: 지정된 경로를 찾을 수 없습니다. (0x3)
12월 02, 2020 01:41:12.73 [1202/014112.732:ERROR:directory_reader_win.cc(43)] FindFirstFile: 지정된 경로를 찾을 수 없습니다. (0x3)
12월 02, 2020 02:44:21.80 [1202/024421.808:ERROR:directory_reader_win.cc(43)] FindFirstFile: 지정된 경로를 찾을 수 없습니다. (0x3)

12월 02, 2020 10:35:47.75 NEW SESSION
12월 02, 2020 10:35:47.75 [1202/103547.752:ERROR:directory_reader_win.cc(43)] FindFirstFile: 지정된 경로를 찾을 수 없습니다. (0x3)
12월 02, 2020 11:08:44.10 [1202/110844.104:ERROR:directory_reader_win.cc(43)] FindFirstFile: 지정된 경로를 찾을 수 없습니다. (0x3)

12월 03, 2020 24:32:12.66 NEW SESSION
12월 03, 2020 24:32:12.66 [1203/003212.661:ERROR:directory_reader_win.cc(43)] FindFirstFile: 지정된 경로를 찾을 수 없습니다. (0x3)
12월 03, 2020 01:35:48.33 [1203/013548.331:ERROR:directory_reader_win.cc(43)] FindFirstFile: 지정된 경로를 찾을 수 없습니다. (0x3)
12월 03, 2020 02:18:08.94 [1203/021808.946:ERROR:directory_reader_win.cc(43)] FindFirstFile: 지정된 경로를 찾을 수 없습니다. (0x3)
12월 03, 2020 03:12:04.14 [1203/031204.142:ERROR:directory_reader_win.cc(43)] FindFirstFile: 지정된 경로를 찾을 수 없습니다. (0x3)
12월 03, 2020 03:31:47.17 [1203/033147.171:ERROR:directory_reader_win.cc(43)] FindFirstFile: 지정된 경로를 찾을 수 없습니다. (0x3)

12월 03, 2020 10:21:02.56 NEW SESSION
12월 03, 2020 10:21:02.56 [1203/102102.565:ERROR:directory_reader_win.cc(43)] FindFirstFile: 지정된 경로를 찾을 수 없습니다. (0x3)
12월 03, 2020 10:44:45.26 [1203/104445.266:ERROR:directory_reader_win.cc(43)] FindFirstFile: 지정된 경로를 찾을 수 없습니다. (0x3)
12월 03, 2020 11:15:57.86 [1203/111557.865:ERROR:directory_reader_win.cc(43)] FindFirstFile: 지정된 경로를 찾을 수 없습니다. (0x3)
12월 03, 2020 12:11:44.53 [1203/121144.536:ERROR:directory_reader_win.cc(43)] FindFirstFile: 지정된 경로를 찾을 수 없습니다. (0x3)

12월 05, 2020 01:14:08.78 NEW SESSION
12월 05, 2020 01:14:08.78 [1205/011408.787:ERROR:directory_reader_win.cc(43)] FindFirstFile: 지정된 경로를 찾을 수 없습니다. (0x3)
12월 05, 2020 02:11:56.36 [1205/021156.360:ERROR:directory_reader_win.cc(43)] FindFirstFile: 지정된 경로를 찾을 수 없습니다. (0x3)
12월 05, 2020 02:43:18.18 [1205/024318.184:ERROR:directory_reader_win.cc(43)] FindFirstFile: 지정된 경로를 찾을 수 없습니다. (0x3)
12월 05, 2020 03:54:20.39 [1205/035420.392:ERROR:directory_reader_win.cc(43)] FindFirstFile: 지정된 경로를 찾을 수 없습니다. (0x3)
12월 05, 2020 04:10:11.94 [1205/041011.947:ERROR:directory_reader_win.cc(43)] FindFirstFile: 지정된 경로를 찾을 수 없습니다. (0x3)
12월 05, 2020 04:45:36.80 [1205/044536.801:ERROR:directory_reader_win.cc(43)] FindFirstFile: 지정된 경로를 찾을 수 없습니다. (0x3)
12월 05, 2020 05:07:46.93 [1205/050746.931:ERROR:directory_reader_win.cc(43)] FindFirstFile: 지정된 경로를 찾을 수 없습니다. (0x3)
